<?xml version="1.0" encoding="UTF-8"?>
<testsuite xmlns:xsi="http://www.w3.org/2001/XMLSchema-instance" xsi:noNamespaceSchemaLocation="https://maven.apache.org/surefire/maven-surefire-plugin/xsd/surefire-test-report-3.0.xsd" version="3.0" name="com.tatsh.rabbitmqdemo.RabbitmqDemoApplicationTests" time="4.982" tests="1" errors="0" skipped="0" failures="0">
  <properties>
[...]
</properties>
  <testcase name="contextLoads" classname="com.tatsh.rabbitmqdemo.RabbitmqDemoApplicationTests" time="1.146">
    <system-out><![CDATA[08:07:19.207 [main] INFO org.springframework.test.context.support.AnnotationConfigContextLoaderUtils -- Could not detect default configuration classes for test class [com.tatsh.rabbitmqdemo.RabbitmqDemoApplicationTests]: RabbitmqDemoApplicationTests does not declare any static, non-private, non-final, nested classes annotated with @Configuration.
08:07:19.348 [main] INFO org.springframework.boot.test.context.SpringBootTestContextBootstrapper -- Found @SpringBootConfiguration com.tatsh.rabbitmqdemo.RabbitmqDemoApplication for test class com.tatsh.rabbitmqdemo.RabbitmqDemoApplicationTests

  .   ____          _            __ _ _
 /\\ / ___'_ __ _ _(_)_ __  __ _ \ \ \ \
( ( )\___ | '_ | '_| | '_ \/ _` | \ \ \ \
 \\/  ___)| |_)| | | | | || (_| |  ) ) ) )
  '  |____| .__|_| |_|_| |_\__, | / / / /
 =========|_|==============|___/=/_/_/_/
 :: Spring Boot ::                (v3.1.1)

2023-08-10T08:07:19.962+03:00  INFO 3576 --- [           main] c.t.r.RabbitmqDemoApplicationTests       : Starting RabbitmqDemoApplicationTests using Java 17.0.7 with PID 3576 (started by Jawad.Zaarour in C:\Workspace IntellJ\rabbitmqdemo2)
2023-08-10T08:07:19.963+03:00  INFO 3576 --- [           main] c.t.r.RabbitmqDemoApplicationTests       : No active profile set, falling back to 1 default profile: "default"
2023-08-10T08:07:22.686+03:00  INFO 3576 --- [           main] o.s.a.r.c.CachingConnectionFactory       : Attempting to connect to: [localhost:5682, localhost:5683, localhost:5684]
2023-08-10T08:07:22.709+03:00  INFO 3576 --- [           main] o.s.a.r.l.SimpleMessageListenerContainer : Broker not available; cannot force queue declarations during start: java.net.ConnectException: Connection refused: no further information
2023-08-10T08:07:22.729+03:00  INFO 3576 --- [           main] c.t.r.RabbitmqDemoApplicationTests       : Started RabbitmqDemoApplicationTests in 3.114 seconds (process running for 4.31)
]]></system-out>
  </testcase>
</testsuite>